0 info it worked if it ends with ok
1 verbose cli [ '/usr/local/bin/node', '/usr/local/bin/npm', 'install', 'csv' ]
2 info using npm@1.4.3
3 info using node@v0.10.26
4 verbose cache add [ 'csv', null ]
5 verbose cache add name=undefined spec="csv" args=["csv",null]
6 verbose parsed url { protocol: null,
6 verbose parsed url   slashes: null,
6 verbose parsed url   auth: null,
6 verbose parsed url   host: null,
6 verbose parsed url   port: null,
6 verbose parsed url   hostname: null,
6 verbose parsed url   hash: null,
6 verbose parsed url   search: null,
6 verbose parsed url   query: null,
6 verbose parsed url   pathname: 'csv',
6 verbose parsed url   path: 'csv',
6 verbose parsed url   href: 'csv' }
7 silly lockFile 6cc98174-csv csv
8 verbose lock csv /home/martyn/.npm/6cc98174-csv.lock
9 silly lockFile 6cc98174-csv csv
10 silly lockFile 6cc98174-csv csv
11 verbose addNamed [ 'csv', '' ]
12 verbose addNamed [ null, '*' ]
13 silly lockFile 34c7fd74-csv csv@
14 verbose lock csv@ /home/martyn/.npm/34c7fd74-csv.lock
15 silly addNameRange { name: 'csv', range: '*', hasData: false }
16 verbose url raw csv
17 verbose url resolving [ 'https://registry.npmjs.org/', './csv' ]
18 verbose url resolved https://registry.npmjs.org/csv
19 info trying registry request attempt 1 at 15:43:01
20 http GET https://registry.npmjs.org/csv
21 info retry will retry, error on last attempt: Error: connect ECONNREFUSED
22 info trying registry request attempt 2 at 15:43:12
23 http GET https://registry.npmjs.org/csv
24 info retry will retry, error on last attempt: Error: connect ECONNREFUSED
25 info trying registry request attempt 3 at 15:44:12
26 http GET https://registry.npmjs.org/csv
27 silly lockFile 34c7fd74-csv csv@
28 silly lockFile 34c7fd74-csv csv@
29 error Error: connect ECONNREFUSED
29 error     at errnoException (net.js:904:11)
29 error     at Object.afterConnect [as oncomplete] (net.js:895:19)
29 error  { [Error: connect ECONNREFUSED]
29 error   code: 'ECONNREFUSED',
29 error   errno: 'ECONNREFUSED',
29 error   syscall: 'connect' }
30 error If you are behind a proxy, please make sure that the
30 error 'proxy' config is set properly.  See: 'npm help config'
31 error System Linux 3.5.0-36-generic
32 error command "/usr/local/bin/node" "/usr/local/bin/npm" "install" "csv"
33 error cwd /home/martyn/ownCloud/Computing GCSE/Planning 2014
34 error node -v v0.10.26
35 error npm -v 1.4.3
36 error syscall connect
37 error code ECONNREFUSED
38 error errno ECONNREFUSED
39 error stack Error: connect ECONNREFUSED
39 error stack     at errnoException (net.js:904:11)
39 error stack     at Object.afterConnect [as oncomplete] (net.js:895:19)
40 verbose exit [ 1, true ]
